<?xml version="1.0" encoding="UTF-8"?>
<!-- Generated by org.testng.reporters.JUnitReportReporter -->
<testsuite hostname="nestechlaptopi716gbhp27112023" failures="0" tests="1" name="com.liono360.contacts.TC_002ViewContact" time="7.127" errors="0" timestamp="2024-09-16T13:25:21 IST" skipped="0">
  <testcase classname="com.liono360.contacts.TC_002ViewContact" name="TC002_ViewContact" time="7.127"/>
  <system-out/>
</testsuite> <!-- com.liono360.contacts.TC_002ViewContact -->
