<?xml version="1.0" encoding="UTF-8"?>
<!-- Generated by org.testng.reporters.JUnitReportReporter -->
<testsuite hostname="Upadpro16gblenovoi54aaug2021" failures="0" tests="1" name="com.liono360.leads.TC_003EditLead" time="54.918" errors="0" timestamp="2025-04-22T10:59:51 IST" skipped="0">
  <testcase classname="com.liono360.leads.TC_003EditLead" name="TC003_EditLead" time="54.918"/>
  <system-out/>
</testsuite> <!-- com.liono360.leads.TC_003EditLead -->
