<?xml version="1.0" encoding="UTF-8"?>
<!-- Generated by org.testng.reporters.JUnitReportReporter -->
<testsuite hostname="Upadpro" failures="0" tests="1" name="com.liono360.purchaseOrder.TC_004DeletePurchase" time="44.835" errors="0" timestamp="2024-03-21T11:59:44 IST" skipped="0">
  <testcase classname="com.liono360.purchaseOrder.TC_004DeletePurchase" name="DeletePurchase" time="44.835"/>
  <system-out/>
</testsuite> <!-- com.liono360.purchaseOrder.TC_004DeletePurchase -->
