<?xml version="1.0" encoding="UTF-8"?>
<!-- Generated by org.testng.reporters.JUnitReportReporter -->
<testsuite hostname="Upadpro" failures="0" tests="1" name="com.liono360.Product.NonInventoryitem.TC_004DeleteProduct" time="51.282" errors="0" timestamp="2024-03-21T10:58:39 IST" skipped="0">
  <testcase classname="com.liono360.Product.NonInventoryitem.TC_004DeleteProduct" name="DeleteProductTest" time="51.282"/>
  <system-out/>
</testsuite> <!-- com.liono360.Product.NonInventoryitem.TC_004DeleteProduct -->
