<?xml version="1.0" encoding="UTF-8"?>
<!-- Generated by org.testng.reporters.JUnitReportReporter -->
<testsuite hostname="nestechlaptopi716gbhp27112023" failures="0" tests="1" name="com.liono360.leads.TC_001CreateLeadwithAllData" time="60.218" errors="0" timestamp="2024-02-22T18:41:07 IST" skipped="0">
  <testcase classname="com.liono360.leads.TC_001CreateLeadwithAllData" name="CreateLeadwithAllDataTest" time="60.218"/>
  <system-out/>
</testsuite> <!-- com.liono360.leads.TC_001CreateLeadwithAllData -->
