<?xml version="1.0" encoding="UTF-8"?>
<!-- Generated by org.testng.reporters.JUnitReportReporter -->
<testsuite hostname="Upadpro16gblenovoi54aaug2021" failures="0" tests="3" name="com.liono360.cases.TC_006EditCase" time="70.753" errors="0" timestamp="2025-05-16T12:17:18 IST" skipped="0">
  <testcase classname="com.liono360.cases.TC_006EditCase" name="TC_006EditCases" time="23.963"/>
  <system-out/>
  <testcase classname="com.liono360.cases.TC_006EditCase" name="TC_006EditCases" time="24.152"/>
  <system-out/>
  <testcase classname="com.liono360.cases.TC_006EditCase" name="TC_006EditCases" time="22.638"/>
  <system-out/>
</testsuite> <!-- com.liono360.cases.TC_006EditCase -->
