<?xml version="1.0" encoding="UTF-8"?>
<!-- Generated by org.testng.reporters.JUnitReportReporter -->
<testsuite hostname="Upadpro" failures="0" tests="1" name="com.liono360.questionnaire.TC_004CreateChannel_AccountMultiFilter1" time="40.570" errors="0" timestamp="2024-03-21T12:32:25 IST" skipped="0">
  <testcase classname="com.liono360.questionnaire.TC_004CreateChannel_AccountMultiFilter1" name="TC004_CreateChannel_AccountMultiFilter1" time="40.570"/>
  <system-out/>
</testsuite> <!-- com.liono360.questionnaire.TC_004CreateChannel_AccountMultiFilter1 -->
