<?xml version="1.0" encoding="UTF-8"?>
<!-- Generated by org.testng.reporters.JUnitReportReporter -->
<testsuite hostname="Upadpro" failures="0" tests="1" name="com.liono360.BillPayment.TC_001CreateBillPayment" time="68.181" errors="0" timestamp="2024-03-21T11:29:07 IST" skipped="0">
  <testcase classname="com.liono360.BillPayment.TC_001CreateBillPayment" name="createbillpayment" time="68.181"/>
  <system-out/>
</testsuite> <!-- com.liono360.BillPayment.TC_001CreateBillPayment -->
