<?xml version="1.0" encoding="UTF-8"?>
<!-- Generated by org.testng.reporters.JUnitReportReporter -->
<testsuite hostname="Upadpro16gblenovoi54aaug2021" failures="0" tests="1" name="com.liono360.accounts.TC_001CreateAccount" time="78.885" errors="0" timestamp="2025-04-25T12:44:02 IST" skipped="0">
  <testcase classname="com.liono360.accounts.TC_001CreateAccount" name="TC001CreateAccount" time="78.885"/>
  <system-out/>
</testsuite> <!-- com.liono360.accounts.TC_001CreateAccount -->
