<?xml version="1.0" encoding="UTF-8"?>
<!-- Generated by org.testng.reporters.JUnitReportReporter -->
<testsuite hostname="Upadpro" failures="0" tests="1" name="com.liono360.questionnaire.TC_001CreateChannel_LeadMultiFilter1" time="62.624" errors="0" timestamp="2024-03-21T12:32:25 IST" skipped="0">
  <testcase classname="com.liono360.questionnaire.TC_001CreateChannel_LeadMultiFilter1" name="TC001_CreateChannel_Lead" time="62.624"/>
  <system-out/>
</testsuite> <!-- com.liono360.questionnaire.TC_001CreateChannel_LeadMultiFilter1 -->
