<?xml version="1.0" encoding="UTF-8"?>
<!-- Generated by org.testng.reporters.JUnitReportReporter -->
<testsuite hostname="Upadpro16gblenovoi54aaug2021" failures="0" tests="1" name="com.liono360.leads.TC_002ViewLead" time="7.751" errors="0" timestamp="2025-03-21T13:06:17 IST" skipped="0">
  <testcase classname="com.liono360.leads.TC_002ViewLead" name="TC002_ViewLead" time="7.751"/>
  <system-out/>
</testsuite> <!-- com.liono360.leads.TC_002ViewLead -->
