<?xml version="1.0" encoding="UTF-8"?>
<!-- Generated by org.testng.reporters.JUnitReportReporter -->
<testsuite hostname="Upadpro" failures="0" tests="4" name="com.liono360.FSMroutes.MergeTestcases" time="193.560" errors="0" timestamp="2024-03-04T13:05:47 IST" skipped="0">
  <testcase classname="com.liono360.FSMroutes.MergeTestcases" name="TC_001CreateRoutesWithAllFields" time="148.760"/>
  <system-out/>
  <testcase classname="com.liono360.FSMroutes.MergeTestcases" name="TC_003EditMandatoryOnlyTest" time="30.656"/>
  <system-out/>
  <testcase classname="com.liono360.FSMroutes.MergeTestcases" name="TC_002ViewRoutes" time="10.487"/>
  <system-out/>
  <testcase classname="com.liono360.FSMroutes.MergeTestcases" name="TC_004DeleteRoutesTest" time="3.657"/>
  <system-out/>
</testsuite> <!-- com.liono360.FSMroutes.MergeTestcases -->
