<?xml version="1.0" encoding="UTF-8"?>
<!-- Generated by org.testng.reporters.JUnitReportReporter -->
<testsuite hostname="nestechlaptopi716gbhp27112023" failures="0" tests="1" name="com.liono360.accounts.TC_001B_CreateAccountWithoutStatic" time="66.225" errors="0" timestamp="2024-02-19T13:19:57 IST" skipped="0">
  <testcase classname="com.liono360.accounts.TC_001B_CreateAccountWithoutStatic" name="TC001_CreateAccountWithStatic" time="66.225"/>
  <system-out/>
</testsuite> <!-- com.liono360.accounts.TC_001B_CreateAccountWithoutStatic -->
