<?xml version="1.0" encoding="UTF-8"?>
<!-- Generated by org.testng.reporters.JUnitReportReporter -->
<testsuite hostname="Upadpro" failures="0" tests="1" name="com.liono360.estimate.TC_001CreateEstimate" time="117.083" errors="0" timestamp="2024-03-27T10:07:07 IST" skipped="0">
  <testcase classname="com.liono360.estimate.TC_001CreateEstimate" name="CreateEstimate" time="117.083"/>
  <system-out/>
</testsuite> <!-- com.liono360.estimate.TC_001CreateEstimate -->
