<?xml version="1.0" encoding="UTF-8"?>
<!-- Generated by org.testng.reporters.JUnitReportReporter -->
<testsuite hostname="Upadpro16gblenovoi54aaug2021" failures="0" tests="1" name="com.liono360.accounts.TC_016ActivityLogsNotes" time="74.556" errors="0" timestamp="2025-04-03T12:25:14 IST" skipped="0">
  <testcase classname="com.liono360.accounts.TC_016ActivityLogsNotes" name="ActivityLogsNotesTest" time="74.556"/>
  <system-out/>
</testsuite> <!-- com.liono360.accounts.TC_016ActivityLogsNotes -->
