<?xml version="1.0" encoding="UTF-8"?>
<!-- Generated by org.testng.reporters.JUnitReportReporter -->
<testsuite hostname="Upadpro16gblenovoi54aaug2021" failures="0" tests="1" name="com.liono360.cases.TC_004CreateCaseForOrganizationWithAllFields" time="41.241" errors="0" timestamp="2025-04-14T13:05:51 IST" skipped="0">
  <testcase classname="com.liono360.cases.TC_004CreateCaseForOrganizationWithAllFields" name="TC_004CreateCaseWithOrganization" time="41.241"/>
  <system-out/>
</testsuite> <!-- com.liono360.cases.TC_004CreateCaseForOrganizationWithAllFields -->
