<?xml version="1.0" encoding="UTF-8"?>
<!-- Generated by org.testng.reporters.JUnitReportReporter -->
<testsuite hostname="Upadpro16gblenovoi54aaug2021" failures="0" tests="1" name="com.liono360.accounts.TC_002ViewAccount" time="30.055" errors="0" timestamp="2025-05-02T11:39:22 IST" skipped="0">
  <testcase classname="com.liono360.accounts.TC_002ViewAccount" name="TC002_ViewAccount" time="30.055"/>
  <system-out/>
</testsuite> <!-- com.liono360.accounts.TC_002ViewAccount -->
