<?xml version="1.0" encoding="UTF-8"?>
<!-- Generated by org.testng.reporters.JUnitReportReporter -->
<testsuite hostname="Upadpro" failures="0" tests="1" name="com.liono360.ItemReceipt.TC_001CreateItemReceipt" time="60.954" errors="0" timestamp="2024-03-28T11:07:48 IST" skipped="0">
  <testcase classname="com.liono360.ItemReceipt.TC_001CreateItemReceipt" name="CreateItemReceipt" time="60.954"/>
  <system-out/>
</testsuite> <!-- com.liono360.ItemReceipt.TC_001CreateItemReceipt -->
