<?xml version="1.0" encoding="UTF-8"?>
<!-- Generated by org.testng.reporters.JUnitReportReporter -->
<testsuite hostname="Upadpro" failures="0" tests="1" name="com.liono360.Creditmemo.TC_004DeleteCreditMemo" time="50.382" errors="0" timestamp="2024-03-27T14:42:26 IST" skipped="0">
  <testcase classname="com.liono360.Creditmemo.TC_004DeleteCreditMemo" name="DeleteCreditMemo" time="50.382"/>
  <system-out/>
</testsuite> <!-- com.liono360.Creditmemo.TC_004DeleteCreditMemo -->
