<?xml version="1.0" encoding="UTF-8"?>
<!-- Generated by org.testng.reporters.JUnitReportReporter -->
<testsuite hostname="Upadpro" failures="0" tests="1" name="com.liono360.salesOrder.TC_003DeleteSales" time="92.396" errors="0" timestamp="2024-03-21T09:58:15 IST" skipped="0">
  <testcase classname="com.liono360.salesOrder.TC_003DeleteSales" name="DeleteSalestest" time="92.396"/>
  <system-out/>
</testsuite> <!-- com.liono360.salesOrder.TC_003DeleteSales -->
