<?xml version="1.0" encoding="UTF-8"?>
<!-- Generated by org.testng.reporters.JUnitReportReporter -->
<testsuite hostname="Upadpro" failures="0" tests="1" name="com.liono360.ItemReceipt.TC_002EditItemReceipt" time="49.376" errors="0" timestamp="2024-03-29T10:12:02 IST" skipped="0">
  <testcase classname="com.liono360.ItemReceipt.TC_002EditItemReceipt" name="EditItemReceipt" time="49.376"/>
  <system-out/>
</testsuite> <!-- com.liono360.ItemReceipt.TC_002EditItemReceipt -->
