<?xml version="1.0" encoding="UTF-8"?>
<!-- Generated by org.testng.reporters.JUnitReportReporter -->
<testsuite hostname="Upadpro16gblenovoi54aaug2021" failures="0" tests="3" name="com.liono360.cases.TC_005ViewCases" time="29.682" errors="0" timestamp="2025-04-14T13:05:51 IST" skipped="0">
  <testcase classname="com.liono360.cases.TC_005ViewCases" name="TC_005viewCasesTest" time="9.315"/>
  <system-out/>
  <testcase classname="com.liono360.cases.TC_005ViewCases" name="TC_005viewCasesTest" time="10.978"/>
  <system-out/>
  <testcase classname="com.liono360.cases.TC_005ViewCases" name="TC_005viewCasesTest" time="9.389"/>
  <system-out/>
</testsuite> <!-- com.liono360.cases.TC_005ViewCases -->
