<?xml version="1.0" encoding="UTF-8"?>
<!-- Generated by org.testng.reporters.JUnitReportReporter -->
<testsuite hostname="Upadpro" failures="0" tests="1" name="com.liono360.FSMroutes.TC_001CreateRouteWithAllFieldForLead" time="52.096" errors="0" timestamp="2024-03-21T12:11:39 IST" skipped="0">
  <testcase classname="com.liono360.FSMroutes.TC_001CreateRouteWithAllFieldForLead" name="TC_001CreateRoutesWithAllFields" time="52.096"/>
  <system-out/>
</testsuite> <!-- com.liono360.FSMroutes.TC_001CreateRouteWithAllFieldForLead -->
