<?xml version="1.0" encoding="UTF-8"?>
<!-- Generated by org.testng.reporters.JUnitReportReporter -->
<testsuite hostname="Upadpro16gblenovoi54aaug2021" failures="0" tests="3" name="com.liono360.cases.TC_005ViewCases" time="22.591" errors="0" timestamp="2025-04-02T17:00:05 IST" skipped="0">
  <testcase classname="com.liono360.cases.TC_005ViewCases" name="TC_005viewCasesTest" time="7.749"/>
  <system-out/>
  <testcase classname="com.liono360.cases.TC_005ViewCases" name="TC_005viewCasesTest" time="7.412"/>
  <system-out/>
  <testcase classname="com.liono360.cases.TC_005ViewCases" name="TC_005viewCasesTest" time="7.430"/>
  <system-out/>
</testsuite> <!-- com.liono360.cases.TC_005ViewCases -->
