<?xml version="1.0" encoding="UTF-8"?>
<!-- Generated by org.testng.reporters.JUnitReportReporter -->
<testsuite hostname="Upadpro16gblenovoi54aaug2021" failures="0" tests="1" name="com.liono360.accounts.TC_001CreateAccount" time="76.057" errors="0" timestamp="2025-03-21T14:30:57 IST" skipped="0">
  <testcase classname="com.liono360.accounts.TC_001CreateAccount" name="TC001CreateAccount" time="76.057"/>
  <system-out/>
</testsuite> <!-- com.liono360.accounts.TC_001CreateAccount -->
