<?xml version="1.0" encoding="UTF-8"?>
<!-- Generated by org.testng.reporters.JUnitReportReporter -->
<testsuite hostname="Upadpro" failures="0" tests="1" name="com.liono360.invoicing.TC_001VerifyCreateInvoice" time="57.018" errors="0" timestamp="2024-03-22T13:19:06 IST" skipped="0">
  <testcase classname="com.liono360.invoicing.TC_001VerifyCreateInvoice" name="VerifyCreateInvoice" time="57.018"/>
  <system-out/>
</testsuite> <!-- com.liono360.invoicing.TC_001VerifyCreateInvoice -->
