<?xml version="1.0" encoding="UTF-8"?>
<!-- Generated by org.testng.reporters.JUnitReportReporter -->
<testsuite hostname="Upadpro16gblenovoi54aaug2021" failures="0" tests="1" name="com.liono360.cases.TC_002CreateCaseForLeadWithAllFields" time="43.701" errors="0" timestamp="2025-04-02T17:00:05 IST" skipped="0">
  <testcase classname="com.liono360.cases.TC_002CreateCaseForLeadWithAllFields" name="TC_002CreateCaseWithLead" time="43.701"/>
  <system-out/>
</testsuite> <!-- com.liono360.cases.TC_002CreateCaseForLeadWithAllFields -->
