<?xml version="1.0" encoding="UTF-8"?>
<!-- Generated by org.testng.reporters.JUnitReportReporter -->
<testsuite hostname="nestechlaptopi716gbhp27112023" failures="0" tests="1" name="com.liono360.contacts.TC_003EditContact" time="16.255" errors="0" timestamp="2024-09-16T13:25:21 IST" skipped="0">
  <testcase classname="com.liono360.contacts.TC_003EditContact" name="TC003_EditContact" time="16.255"/>
  <system-out/>
</testsuite> <!-- com.liono360.contacts.TC_003EditContact -->
