<?xml version="1.0" encoding="UTF-8"?>
<!-- Generated by org.testng.reporters.JUnitReportReporter -->
<testsuite hostname="Upadpro16gblenovoi54aaug2021" failures="0" tests="3" name="com.liono360.cases.TC_005ViewCases" time="74.935" errors="0" timestamp="2025-05-16T12:17:18 IST" skipped="0">
  <testcase classname="com.liono360.cases.TC_005ViewCases" name="TC_005viewCasesTest" time="23.861"/>
  <system-out/>
  <testcase classname="com.liono360.cases.TC_005ViewCases" name="TC_005viewCasesTest" time="25.706"/>
  <system-out/>
  <testcase classname="com.liono360.cases.TC_005ViewCases" name="TC_005viewCasesTest" time="25.368"/>
  <system-out/>
</testsuite> <!-- com.liono360.cases.TC_005ViewCases -->
