<?xml version="1.0" encoding="UTF-8"?>
<!-- Generated by org.testng.reporters.JUnitReportReporter -->
<testsuite hostname="Upadpro16gblenovoi54aaug2021" failures="0" tests="3" name="com.liono360.cases.TC_007DeleteCases" time="127.623" errors="0" timestamp="2025-05-16T12:17:18 IST" skipped="0">
  <testcase classname="com.liono360.cases.TC_007DeleteCases" name="TC_007DeleteCasesTest" time="42.357"/>
  <system-out/>
  <testcase classname="com.liono360.cases.TC_007DeleteCases" name="TC_007DeleteCasesTest" time="42.416"/>
  <system-out/>
  <testcase classname="com.liono360.cases.TC_007DeleteCases" name="TC_007DeleteCasesTest" time="42.850"/>
  <system-out/>
</testsuite> <!-- com.liono360.cases.TC_007DeleteCases -->
