<?xml version="1.0" encoding="UTF-8"?>
<!-- Generated by org.testng.reporters.JUnitReportReporter -->
<testsuite hostname="UpadproFEB23-Code42i716GB" failures="0" tests="1" name="com.liono360.FSMterritory.TC_002EditRootTerritory" time="24.746" errors="0" timestamp="2024-04-19T17:52:24 IST" skipped="0">
  <testcase classname="com.liono360.FSMterritory.TC_002EditRootTerritory" name="TC_002EditRootTerritoryTest" time="24.746"/>
  <system-out/>
</testsuite> <!-- com.liono360.FSMterritory.TC_002EditRootTerritory -->
