<?xml version="1.0" encoding="UTF-8"?>
<!-- Generated by org.testng.reporters.JUnitReportReporter -->
<testsuite hostname="Upadpro" failures="0" tests="1" name="com.liono360.services.TC_002ViewServiceTest" time="63.239" errors="0" timestamp="2024-03-21T13:22:35 IST" skipped="0">
  <testcase classname="com.liono360.services.TC_002ViewServiceTest" name="ViewServiceTest" time="63.239"/>
  <system-out/>
</testsuite> <!-- com.liono360.services.TC_002ViewServiceTest -->
