<?xml version="1.0" encoding="UTF-8"?>
<!-- Generated by org.testng.reporters.JUnitReportReporter -->
<testsuite hostname="Upadpro" failures="0" tests="1" name="com.liono360.vendor.TC_001CreateVendor" time="118.763" errors="0" timestamp="2024-03-21T13:05:16 IST" skipped="0">
  <testcase classname="com.liono360.vendor.TC_001CreateVendor" name="CreateVendor" time="118.763"/>
  <system-out/>
</testsuite> <!-- com.liono360.vendor.TC_001CreateVendor -->
