<?xml version="1.0" encoding="UTF-8"?>
<!-- Generated by org.testng.reporters.JUnitReportReporter -->
<testsuite hostname="Upadpro" failures="0" tests="1" name="com.liono360.questionnaire.TC_010AddNewCheckBoxTypeQuestion" time="118.471" errors="0" timestamp="2024-03-21T12:32:25 IST" skipped="0">
  <testcase classname="com.liono360.questionnaire.TC_010AddNewCheckBoxTypeQuestion" name="TC_010AddNewCheckBoxTypeQuestionTest" time="118.471"/>
  <system-out/>
</testsuite> <!-- com.liono360.questionnaire.TC_010AddNewCheckBoxTypeQuestion -->
