<?xml version="1.0" encoding="UTF-8"?>
<!-- Generated by org.testng.reporters.JUnitReportReporter -->
<testsuite hostname="Upadpro" failures="0" tests="1" name="com.liono360.Product.Inventoryitem.TC_001CreateProduct" time="72.113" errors="0" timestamp="2024-03-21T10:41:04 IST" skipped="0">
  <testcase classname="com.liono360.Product.Inventoryitem.TC_001CreateProduct" name="CreateProductwithRequiredfieldTest" time="72.113"/>
  <system-out/>
</testsuite> <!-- com.liono360.Product.Inventoryitem.TC_001CreateProduct -->
