<?xml version="1.0" encoding="UTF-8"?>
<!-- Generated by org.testng.reporters.JUnitReportReporter -->
<testsuite hostname="Upadpro16gblenovoi54aaug2021" failures="0" tests="3" name="com.liono360.cases.TC_007DeleteCases" time="93.225" errors="0" timestamp="2025-04-14T13:05:51 IST" skipped="0">
  <testcase classname="com.liono360.cases.TC_007DeleteCases" name="TC_007DeleteCasesTest" time="30.441"/>
  <system-out/>
  <testcase classname="com.liono360.cases.TC_007DeleteCases" name="TC_007DeleteCasesTest" time="31.149"/>
  <system-out/>
  <testcase classname="com.liono360.cases.TC_007DeleteCases" name="TC_007DeleteCasesTest" time="31.635"/>
  <system-out/>
</testsuite> <!-- com.liono360.cases.TC_007DeleteCases -->
