<?xml version="1.0" encoding="UTF-8"?>
<!-- Generated by org.testng.reporters.JUnitReportReporter -->
<testsuite hostname="Upadpro16gblenovoi54aaug2021" failures="0" tests="3" name="com.liono360.cases.TC_007DeleteCases" time="64.703" errors="0" timestamp="2025-04-02T17:00:05 IST" skipped="0">
  <testcase classname="com.liono360.cases.TC_007DeleteCases" name="TC_007DeleteCasesTest" time="22.013"/>
  <system-out/>
  <testcase classname="com.liono360.cases.TC_007DeleteCases" name="TC_007DeleteCasesTest" time="21.442"/>
  <system-out/>
  <testcase classname="com.liono360.cases.TC_007DeleteCases" name="TC_007DeleteCasesTest" time="21.248"/>
  <system-out/>
</testsuite> <!-- com.liono360.cases.TC_007DeleteCases -->
