<?xml version="1.0" encoding="UTF-8"?>
<!-- Generated by org.testng.reporters.JUnitReportReporter -->
<testsuite hostname="Upadpro" failures="0" tests="1" name="com.liono360.salesOrder.TC_004ViewSales" time="41.331" errors="0" timestamp="2024-03-21T09:58:14 IST" skipped="0">
  <testcase classname="com.liono360.salesOrder.TC_004ViewSales" name="ViewSalesTest" time="41.331"/>
  <system-out/>
</testsuite> <!-- com.liono360.salesOrder.TC_004ViewSales -->
