<?xml version="1.0" encoding="UTF-8"?>
<!-- Generated by org.testng.reporters.JUnitReportReporter -->
<testsuite hostname="Upadpro" failures="0" tests="1" name="com.liono360.BillPayment.TC_002EditBillPayment" time="50.999" errors="0" timestamp="2024-03-21T11:29:07 IST" skipped="0">
  <testcase classname="com.liono360.BillPayment.TC_002EditBillPayment" name="EDitBillPayment" time="50.999"/>
  <system-out/>
</testsuite> <!-- com.liono360.BillPayment.TC_002EditBillPayment -->
