<?xml version="1.0" encoding="UTF-8"?>
<!-- Generated by org.testng.reporters.JUnitReportReporter -->
<testsuite hostname="Upadpro16gblenovoi54aaug2021" failures="0" tests="1" name="com.liono360.invoicing.TC_001VerifyCreateInvoice" time="39.524" errors="0" timestamp="2025-05-02T13:06:29 IST" skipped="0">
  <testcase classname="com.liono360.invoicing.TC_001VerifyCreateInvoice" name="VerifyCreateInvoice" time="39.524"/>
  <system-out/>
</testsuite> <!-- com.liono360.invoicing.TC_001VerifyCreateInvoice -->
