<?xml version="1.0" encoding="UTF-8"?>
<!-- Generated by org.testng.reporters.JUnitReportReporter -->
<testsuite hostname="UpadproFEB23-Code42i716GB" failures="0" tests="1" name="com.liono360.FSMterritory.TC_001CreateRootTerritory" time="21.835" errors="0" timestamp="2024-04-19T17:52:24 IST" skipped="0">
  <testcase classname="com.liono360.FSMterritory.TC_001CreateRootTerritory" name="TC_001CreateRootTerritoryTest" time="21.835"/>
  <system-out/>
</testsuite> <!-- com.liono360.FSMterritory.TC_001CreateRootTerritory -->
