<?xml version="1.0" encoding="UTF-8"?>
<!-- Generated by org.testng.reporters.JUnitReportReporter -->
<testsuite hostname="Upadpro" failures="0" tests="1" name="com.liono360.questionnaire.TC_012AddNewToggleButtonTypeQuestion" time="30.920" errors="0" timestamp="2024-03-21T12:32:25 IST" skipped="0">
  <testcase classname="com.liono360.questionnaire.TC_012AddNewToggleButtonTypeQuestion" name="TC_012AddNewToggleButtonTypeQuestionTest" time="30.920"/>
  <system-out/>
</testsuite> <!-- com.liono360.questionnaire.TC_012AddNewToggleButtonTypeQuestion -->
