<?xml version="1.0" encoding="UTF-8"?>
<!-- Generated by org.testng.reporters.JUnitReportReporter -->
<testsuite hostname="Upadpro16gblenovoi54aaug2021" failures="0" tests="3" name="com.liono360.cases.TC_006EditCase" time="41.906" errors="0" timestamp="2025-04-14T13:05:51 IST" skipped="0">
  <testcase classname="com.liono360.cases.TC_006EditCase" name="TC_006EditCases" time="14.644"/>
  <system-out/>
  <testcase classname="com.liono360.cases.TC_006EditCase" name="TC_006EditCases" time="14.222"/>
  <system-out/>
  <testcase classname="com.liono360.cases.TC_006EditCase" name="TC_006EditCases" time="13.040"/>
  <system-out/>
</testsuite> <!-- com.liono360.cases.TC_006EditCase -->
