<?xml version="1.0" encoding="UTF-8"?>
<!-- Generated by org.testng.reporters.JUnitReportReporter -->
<testsuite hostname="Upadpro" failures="0" tests="1" name="com.liono360.Bill.TC_003VoidBill" time="25.516" errors="0" timestamp="2024-03-21T11:20:36 IST" skipped="0">
  <testcase classname="com.liono360.Bill.TC_003VoidBill" name="ViewBill" time="25.516"/>
  <system-out/>
</testsuite> <!-- com.liono360.Bill.TC_003VoidBill -->
