<?xml version="1.0" encoding="UTF-8"?>
<!-- Generated by org.testng.reporters.JUnitReportReporter -->
<testsuite hostname="Upadpro16gblenovoi54aaug2021" failures="0" tests="1" name="com.liono360.Product.Inventoryitem.TC_004DeleteProduct" time="19.830" errors="0" timestamp="2025-05-09T15:00:54 IST" skipped="0">
  <testcase classname="com.liono360.Product.Inventoryitem.TC_004DeleteProduct" name="DeleteProductTest" time="19.830"/>
  <system-out/>
</testsuite> <!-- com.liono360.Product.Inventoryitem.TC_004DeleteProduct -->
