<?xml version="1.0" encoding="UTF-8"?>
<!-- Generated by org.testng.reporters.JUnitReportReporter -->
<testsuite hostname="Upadpro" failures="0" tests="1" name="com.liono360.ItemReceipt.TC_004DeleteItemReceipt" time="87.265" errors="0" timestamp="2024-03-29T10:24:39 IST" skipped="0">
  <testcase classname="com.liono360.ItemReceipt.TC_004DeleteItemReceipt" name="DeleteItemReceipt" time="87.265"/>
  <system-out/>
</testsuite> <!-- com.liono360.ItemReceipt.TC_004DeleteItemReceipt -->
