<?xml version="1.0" encoding="UTF-8"?>
<!-- Generated by org.testng.reporters.JUnitReportReporter -->
<testsuite hostname="Upadpro" failures="0" tests="1" name="com.liono360.Creditmemo.TC_002EditCreditMemo" time="95.220" errors="0" timestamp="2024-03-27T14:34:03 IST" skipped="0">
  <testcase classname="com.liono360.Creditmemo.TC_002EditCreditMemo" name="EditCreditMemo" time="95.220"/>
  <system-out/>
</testsuite> <!-- com.liono360.Creditmemo.TC_002EditCreditMemo -->
