<?xml version="1.0" encoding="UTF-8"?>
<!-- Generated by org.testng.reporters.JUnitReportReporter -->
<testsuite hostname="Upadpro16gblenovoi54aaug2021" failures="0" tests="1" name="com.liono360.accounts.TC_002ViewAccount" time="19.018" errors="0" timestamp="2025-04-14T12:52:04 IST" skipped="0">
  <testcase classname="com.liono360.accounts.TC_002ViewAccount" name="TC002_ViewAccount" time="19.018"/>
  <system-out/>
</testsuite> <!-- com.liono360.accounts.TC_002ViewAccount -->
