<?xml version="1.0" encoding="UTF-8"?>
<!-- Generated by org.testng.reporters.JUnitReportReporter -->
<testsuite hostname="Upadpro16gblenovoi54aaug2021" failures="0" tests="1" name="com.liono360.leads.TC_002ViewLead" time="20.848" errors="0" timestamp="2025-04-22T14:07:57 IST" skipped="0">
  <testcase classname="com.liono360.leads.TC_002ViewLead" name="TC002_ViewLead" time="20.848"/>
  <system-out/>
</testsuite> <!-- com.liono360.leads.TC_002ViewLead -->
