<?xml version="1.0" encoding="UTF-8"?>
<!-- Generated by org.testng.reporters.JUnitReportReporter -->
<testsuite hostname="Upadpro16gblenovoi54aaug2021" failures="0" tests="1" name="com.liono360.Product.Inventoryitem.TC_001CreateProduct" time="43.620" errors="0" timestamp="2025-05-09T15:00:54 IST" skipped="0">
  <testcase classname="com.liono360.Product.Inventoryitem.TC_001CreateProduct" name="CreateProductwithRequiredfieldTest" time="43.620"/>
  <system-out/>
</testsuite> <!-- com.liono360.Product.Inventoryitem.TC_001CreateProduct -->
