<?xml version="1.0" encoding="UTF-8"?>
<!-- Generated by org.testng.reporters.JUnitReportReporter -->
<testsuite hostname="Upadpro" failures="0" tests="1" name="com.liono360.questionnaire.TC_014FileUploadTypeQuestion" time="109.978" errors="0" timestamp="2024-03-21T12:32:25 IST" skipped="0">
  <testcase classname="com.liono360.questionnaire.TC_014FileUploadTypeQuestion" name="TC_014FileUploadTypeQuestionTest" time="109.978"/>
  <system-out/>
</testsuite> <!-- com.liono360.questionnaire.TC_014FileUploadTypeQuestion -->
