<?xml version="1.0" encoding="UTF-8"?>
<!-- Generated by org.testng.reporters.JUnitReportReporter -->
<testsuite hostname="Upadpro" failures="0" tests="1" name="com.liono360.invoicing.TC_003DeleteInvoice" time="55.122" errors="0" timestamp="2024-03-22T14:32:43 IST" skipped="0">
  <testcase classname="com.liono360.invoicing.TC_003DeleteInvoice" name="TC_004DeleteInvoicing" time="55.122"/>
  <system-out/>
</testsuite> <!-- com.liono360.invoicing.TC_003DeleteInvoice -->
