<?xml version="1.0" encoding="UTF-8"?>
<!-- Generated by org.testng.reporters.JUnitReportReporter -->
<testsuite hostname="Upadpro" failures="0" tests="1" name="com.liono360.ItemReceipt.TC_003VoidtemReceipt" time="53.750" errors="0" timestamp="2024-03-29T10:18:53 IST" skipped="0">
  <testcase classname="com.liono360.ItemReceipt.TC_003VoidtemReceipt" name="VioidItemReceipt" time="53.750"/>
  <system-out/>
</testsuite> <!-- com.liono360.ItemReceipt.TC_003VoidtemReceipt -->
