<?xml version="1.0" encoding="UTF-8"?>
<!-- Generated by org.testng.reporters.JUnitReportReporter -->
<testsuite hostname="Upadpro" failures="0" tests="1" name="com.liono360.estimate.TC_003VoidEstimate" time="86.730" errors="0" timestamp="2024-03-27T10:26:18 IST" skipped="0">
  <testcase classname="com.liono360.estimate.TC_003VoidEstimate" name="ViewEstimate" time="86.730"/>
  <system-out/>
</testsuite> <!-- com.liono360.estimate.TC_003VoidEstimate -->
