<?xml version="1.0" encoding="UTF-8"?>
<!-- Generated by org.testng.reporters.JUnitReportReporter -->
<testsuite hostname="Upadpro16gblenovoi54aaug2021" failures="0" tests="1" name="com.liono360.accounts.TC_016ActivityLogsNotes" time="82.344" errors="0" timestamp="2025-05-16T14:41:43 IST" skipped="0">
  <testcase classname="com.liono360.accounts.TC_016ActivityLogsNotes" name="ActivityLogsNotesTest" time="82.344"/>
  <system-out/>
</testsuite> <!-- com.liono360.accounts.TC_016ActivityLogsNotes -->
