<?xml version="1.0" encoding="UTF-8"?>
<!-- Generated by org.testng.reporters.JUnitReportReporter -->
<testsuite hostname="Upadpro16gblenovoi54aaug2021" failures="0" tests="1" name="com.liono360.cases.TC_004CreateCaseForOrganizationWithAllFields" time="52.528" errors="0" timestamp="2025-05-16T12:17:18 IST" skipped="0">
  <testcase classname="com.liono360.cases.TC_004CreateCaseForOrganizationWithAllFields" name="TC_004CreateCaseWithOrganization" time="52.528"/>
  <system-out/>
</testsuite> <!-- com.liono360.cases.TC_004CreateCaseForOrganizationWithAllFields -->
