<?xml version="1.0" encoding="UTF-8"?>
<!-- Generated by org.testng.reporters.JUnitReportReporter -->
<testsuite hostname="Upadpro" failures="0" tests="1" name="com.liono360.invoicing.TC_004ViewInvoice" time="40.169" errors="0" timestamp="2024-03-22T14:34:36 IST" skipped="0">
  <testcase classname="com.liono360.invoicing.TC_004ViewInvoice" name="ViewInvoicing" time="40.169"/>
  <system-out/>
</testsuite> <!-- com.liono360.invoicing.TC_004ViewInvoice -->
